2026-03-09T07:22:54.9848691Z,Updating submodules.,0b73dd62-062a-4d20-95c6-3c75291c1000,0
2026-03-09T07:22:56.1087246Z,Preparing deployment for commit id '36a9d762-2'.,daec93d0-c929-4f55-bde0-a41dc194e8be,0
2026-03-09T07:22:56.4769535Z,PreDeployment: context.CleanOutputPath False,73592de2-d72f-4c3c-88d4-81fc5c1b7211,0
2026-03-09T07:22:56.5984572Z,PreDeployment: context.OutputPath /home/site/wwwroot,d24ebc5c-5911-4f2e-ac4d-e1bdf4bcb95d,0
2026-03-09T07:22:56.8157557Z,Repository path is /tmp/zipdeploy/extracted,0d7fe897-9205-4320-9bd0-40d5f4938338,0
2026-03-09T07:22:56.9482448Z,Running oryx build...,8b1decbd-e916-4ed7-98a6-7125a6fd5a41,0
	2026-03-09T07:22:56.9523619Z,Command: oryx build /tmp/zipdeploy/extracted -o /home/site/wwwroot --platform nodejs --platform-version 20 -p virtualenv_name= --log-file /tmp/build-debug.log  -i /tmp/8de7dacaf59c82f -p compress_node_modules=tar-gz | tee /tmp/oryx-build.log,,0
	2026-03-09T07:22:59.4410649Z,Operation performed by Microsoft Oryx&comma; https://github.com/Microsoft/Oryx,,0
	2026-03-09T07:22:59.4806897Z,You can report issues at https://github.com/Microsoft/Oryx/issues,,0
	2026-03-09T07:22:59.5304589Z,,,0
	2026-03-09T07:22:59.5518831Z,Oryx Version: 0.2.20260204.1+0fdbe200b286be083841ff7fa201c6c2316dc6b9&comma; Commit: 0fdbe200b286be083841ff7fa201c6c2316dc6b9&comma; ReleaseTagName: 20260204.1,,0
	2026-03-09T07:22:59.5708002Z,,,0
	2026-03-09T07:22:59.6123937Z,Build Operation ID: 41ca74d40a596056,,0
	2026-03-09T07:22:59.6407434Z,Repository Commit : 36a9d762-21d3-425c-8a3a-ced2abc9a837,,0
	2026-03-09T07:22:59.6910118Z,OS Type           : bookworm,,0
	2026-03-09T07:22:59.7814567Z,Image Type        : githubactions,,0
	2026-03-09T07:22:59.8135796Z,,,0
	2026-03-09T07:22:59.8636488Z,Primary SDK Storage URL: https://oryx-cdn.microsoft.io,,0
	2026-03-09T07:22:59.9128863Z,Backup SDK Storage URL: ,,0
	2026-03-09T07:22:59.9713151Z,Detecting platforms...,,0
	2026-03-09T07:23:00.0322733Z,External SDK provider is enabled.,,0
	2026-03-09T07:23:00.6038271Z,Requesting metadata for platform nodejs from external SDK provider,,0
	2026-03-09T07:23:02.2197111Z,Requesting metadata for platform nodejs from external SDK provider,,0
	2026-03-09T07:23:02.9198599Z,Detected following platforms:,,0
	2026-03-09T07:23:02.9480636Z,  nodejs: 20.20.0,,0
	2026-03-09T07:23:03.2633977Z,Detected the following frameworks: Typescript&comma;Next.js,,0
	2026-03-09T07:23:04.2747054Z,,,0
	2026-03-09T07:23:05.2160910Z,Using intermediate directory '/tmp/8de7dacaf59c82f'.,,0
	2026-03-09T07:23:05.2549562Z,,,0
	2026-03-09T07:23:05.2852403Z,Copying files to the intermediate directory...,,0
	2026-03-09T07:23:05.3343872Z,Copying files to intermediate directory done in 0 sec(s).,,0
	2026-03-09T07:23:05.3738144Z,,,0
	2026-03-09T07:23:05.4138667Z,Source directory     : /tmp/8de7dacaf59c82f,,0
	2026-03-09T07:23:05.4427901Z,Destination directory: /home/site/wwwroot,,0
	2026-03-09T07:23:05.5014116Z,,,0
	2026-03-09T07:23:05.5131946Z,Running build script snippets...,,0
	2026-03-09T07:23:05.5315368Z,Removing existing manifest file,,0
	2026-03-09T07:23:05.6117042Z,Creating directory for command manifest file if it does not exist,,0
	2026-03-09T07:23:05.6796345Z,Creating a manifest file...,,0
	2026-03-09T07:23:05.7093951Z,Node Build Command Manifest file created.,,0
	2026-03-09T07:23:05.7393052Z,,,0
	2026-03-09T07:23:05.7797279Z,Using Node version:,,0
	2026-03-09T07:23:05.8183813Z,v20.20.0,,0
	2026-03-09T07:23:05.8390875Z,,,0
	2026-03-09T07:23:05.8695714Z,Using Npm version:,,0
	2026-03-09T07:23:06.3580481Z,10.8.2,,0
	2026-03-09T07:23:06.4189215Z,,,0
	2026-03-09T07:23:06.4487366Z,Running 'npm install'...,,0
	2026-03-09T07:23:06.4682550Z,,,0
	2026-03-09T07:24:09.1496386Z,npm warn deprecated inflight@1.0.6: This module is not supported&comma; and leaks memory. Do not use it. Check out lru-cache if you want a good and tested way to coalesce async requests by a key value&comma; which is much more comprehensive and powerful.,,1
	2026-03-09T07:24:11.0105196Z,npm warn deprecated @humanwhocodes/config-array@0.13.0: Use @eslint/config-array instead,,1
	2026-03-09T07:24:11.1466196Z,npm warn deprecated rimraf@3.0.2: Rimraf versions prior to v4 are no longer supported,,1
	2026-03-09T07:24:13.3715300Z,npm warn deprecated @humanwhocodes/object-schema@2.0.3: Use @eslint/object-schema instead,,1
	2026-03-09T07:24:13.4621578Z,npm warn deprecated glob@7.2.3: Old versions of glob are not supported&comma; and contain widely publicized security vulnerabilities&comma; which have been fixed in the current version. Please update. Support for old versions may be purchased (at exorbitant rates) by contacting i@izs.me,,1
	2026-03-09T07:24:33.9853868Z,npm warn deprecated glob@10.3.10: Old versions of glob are not supported&comma; and contain widely publicized security vulnerabilities&comma; which have been fixed in the current version. Please update. Support for old versions may be purchased (at exorbitant rates) by contacting i@izs.me,,1
	2026-03-09T07:24:47.7649751Z,npm warn deprecated eslint@8.57.1: This version is no longer supported. Please see https://eslint.org/version-support for other options.,,1
	2026-03-09T07:25:53.4177808Z,,,0
	2026-03-09T07:25:53.6025426Z,added 400 packages&comma; and audited 401 packages in 3m,,0
	2026-03-09T07:25:53.7241507Z,,,0
	2026-03-09T07:25:53.8141730Z,155 packages are looking for funding,,0
	2026-03-09T07:25:53.8443863Z,  run `npm fund` for details,,0
	2026-03-09T07:25:54.2369483Z,,,0
	2026-03-09T07:25:54.2650547Z,4 high severity vulnerabilities,,0
	2026-03-09T07:25:54.2857740Z,,,0
	2026-03-09T07:25:54.3065406Z,To address all issues (including breaking changes)&comma; run:,,0
	2026-03-09T07:25:54.3249090Z,  npm audit fix --force,,0
	2026-03-09T07:25:54.3358572Z,,,0
	2026-03-09T07:25:54.3548223Z,Run `npm audit` for details.,,0
	2026-03-09T07:25:54.6880127Z,,,0
	2026-03-09T07:25:54.7450166Z,Running 'npm run build'...,,0
	2026-03-09T07:25:54.8211702Z,,,0
	2026-03-09T07:25:56.7043594Z,,,0
	2026-03-09T07:25:56.7621536Z,> ui@0.1.0 build,,0
	2026-03-09T07:25:56.8020545Z,> next build,,0
	2026-03-09T07:25:56.8336311Z,,,0
	2026-03-09T07:26:04.4454366Z,Attention: Next.js now collects completely anonymous telemetry regarding usage.,,0
	2026-03-09T07:26:04.5052538Z,This information is used to shape Next.js' roadmap and prioritize features.,,0
	2026-03-09T07:26:04.5441767Z,You can learn more&comma; including how to opt-out if you'd not like to participate in this anonymous program&comma; by visiting the following URL:,,0
	2026-03-09T07:26:04.6066841Z,https://nextjs.org/telemetry,,0
	2026-03-09T07:26:04.8341846Z,,,0
	2026-03-09T07:26:05.0726326Z,,,1
	2026-03-09T07:26:05.1239349Z,> Build error occurred,,1
	2026-03-09T07:26:05.2118600Z,Error: > Couldn't find any `pages` or `app` directory. Please create one under the project root,,1
	2026-03-09T07:26:05.3392597Z,    at findPagesDir (/tmp/8de7dacaf59c82f/node_modules/next/dist/lib/find-pages-dir.js:42:15),,1
	2026-03-09T07:26:05.4021301Z,    at /tmp/8de7dacaf59c82f/node_modules/next/dist/build/index.js:406:73,,1
	2026-03-09T07:26:05.5897745Z,    at async Span.traceAsyncFn (/tmp/8de7dacaf59c82f/node_modules/next/dist/trace/trace.js:154:20),,1
	2026-03-09T07:26:05.7555916Z,    at async build (/tmp/8de7dacaf59c82f/node_modules/next/dist/build/index.js:368:9),,1
	2026-03-09T07:26:07.1954730Z,npm warn deprecated inflight@1.0.6: This module is not supported&comma; and leaks memory. Do not use it. Check out lru-cache if you want a good and tested way to coalesce async requests by a key value&comma; which is much more comprehensive and powerful.\nnpm warn deprecated @humanwhocodes/config-array@0.13.0: Use @eslint/config-array instead\nnpm warn deprecated rimraf@3.0.2: Rimraf versions prior to v4 are no longer supported\nnpm warn deprecated @humanwhocodes/object-schema@2.0.3: Use @eslint/object-schema instead\nnpm warn deprecated glob@7.2.3: Old versions of glob are not supported&comma; and contain widely publicized security vulnerabilities&comma; which have been fixed in the current version. Please update. Support for old versions may be purchased (at exorbitant rates) by contacting i@izs.me\nnpm warn deprecated glob@10.3.10: Old versions of glob are not supported&comma; and contain widely publicized security vulnerabilities&comma; which have been fixed in the current version. Please update. Support for old versions may be purchased (at exorbitant rates) by contacting i@izs.me\nnpm warn deprecated eslint@8.57.1: This version is no longer supported. Please see https://eslint.org/version-support for other options.\n\n> Build error occurred\nError: > Couldn't find any `pages` or `app` directory. Please create one under the project root\n    at findPagesDir (/tmp/8de7dacaf59c82f/node_modules/next/dist/lib/find-pages-dir.js:42:15)\n    at /tmp/8de7dacaf59c82f/node_modules/next/dist/build/index.js:406:73\n    at async Span.traceAsyncFn (/tmp/8de7dacaf59c82f/node_modules/next/dist/trace/trace.js:154:20)\n    at async build (/tmp/8de7dacaf59c82f/node_modules/next/dist/build/index.js:368:9)\n/bin/bash -c "oryx build /tmp/zipdeploy/extracted -o /home/site/wwwroot --platform nodejs --platform-version 20 -p virtualenv_name= --log-file /tmp/build-debug.log  -i /tmp/8de7dacaf59c82f -p compress_node_modules=tar-gz | tee /tmp/oryx-build.log ; exit $PIPESTATUS ",,2
2026-03-09T07:26:07.6067594Z,,bb017ee5-e1ab-4a07-8a60-674750658d4c,0
2026-03-09T07:26:07.7276358Z,Generating summary of Oryx build,8a718ff8-7122-47bc-913a-b223f784aa93,0
2026-03-09T07:26:07.9193629Z,Parsing the build logs,bb5e4a74-83af-4b1e-8be9-f3137cc59f42,0
2026-03-09T07:26:08.1488557Z,Found 0 issue(s),b958caab-2244-4382-a6f0-9fe308855318,0
2026-03-09T07:26:08.2906441Z,,bc3d2c88-8919-47e7-88d1-96abc1b1c628,0
2026-03-09T07:26:08.4494331Z,Build Summary :,4e37b239-67f5-4181-b813-dbb294165e16,0
2026-03-09T07:26:08.5784452Z,===============,c437e047-2dae-4c6b-985f-1a5d0fdf7be5,0
2026-03-09T07:26:08.7418501Z,Errors (0),37f72803-6c51-4c6f-95f5-6bc230d9bb3e,0
2026-03-09T07:26:08.8690532Z,Warnings (0),27b0fba3-2513-4f72-bdb8-c30b468de4d3,0
2026-03-09T07:26:08.9931265Z,,a54cd80f-0f00-465f-be3f-fc953339148b,0
2026-03-09T07:26:09.6473912Z,Deployment Failed. deployer = Push-Deployer deploymentPath = ZipDeploy. Extract zip. Remote build.,eb3e98e8-2d31-4aff-98da-ede7d3225ed9,0
