2026-03-09T09:51:33.4618482Z,Updating submodules.,98d91b4f-6fdd-4c54-8769-744d99fe8888,0
2026-03-09T09:51:34.8868372Z,Preparing deployment for commit id 'f3ebe02f-3'.,df21e0ea-5b72-47fc-9699-ae1e1758efe8,0
2026-03-09T09:51:35.7905603Z,PreDeployment: context.CleanOutputPath False,0f44eba8-46ab-4266-b9e7-6b0e9840588d,0
2026-03-09T09:51:36.0975445Z,PreDeployment: context.OutputPath /home/site/wwwroot,12c6497b-c5a0-4b3a-86da-514aab3823c7,0
2026-03-09T09:51:36.4381952Z,Running build. Project type: OneDeploy,88f5d023-8c04-498f-bf44-0e2abb646a6c,0
2026-03-09T09:51:36.7142913Z,Copying the manifest,84a11b1e-fe19-45e3-ade6-521b266db287,0
2026-03-09T09:51:37.3133461Z,NodeProjectOptimizer Initialized with repository path: /tmp/zipdeploy/extracted and output path: /home/site/wwwroot ,c1142a3c-b0f3-4d3d-8989-e10b12b66e01,0
2026-03-09T09:51:37.6306827Z,Optimizing build...,28082121-15e1-4917-86d7-6e57a16ae79e,0
2026-03-09T09:51:38.0182458Z,Zipping node_modules...,02edfd5d-2c1f-41f3-8bfd-c982bccbc67c,0
	2026-03-09T09:51:38.0483136Z,Command: /opt/Kudu/Scripts/absoluteTar.sh /tmp/zipdeploy/extracted/node_modules /tmp/zipdeploy/extracted/node_modules.tar.gz,,0
	2026-03-09T09:55:44.4756914Z,Zipped /tmp/zipdeploy/extracted/node_modules to /tmp/zipdeploy/extracted/node_modules.tar.gz done successfully,,0
2026-03-09T09:55:44.6894452Z,Zipped Node Modules to /tmp/zipdeploy/extracted/node_modules.tar.gz,0424a330-0cda-4608-b810-21aee1e173d2,0
2026-03-09T09:55:44.8442182Z,Express Node Deploy: Running rsync...,2b6e4102-fc3f-4707-a4e0-3dad1283101a,0
	2026-03-09T09:55:44.8556445Z,Command: /opt/Kudu/Scripts/parallel_rsync.sh /tmp/zipdeploy/extracted /home/site/wwwroot 8 /tmp/ False False node_modules ,,0
	2026-03-09T09:55:45.1974877Z,Run rsync from: /tmp/zipdeploy/extracted/ to: /home/site/wwwroot/ in 8 parallel threads,,0
	2026-03-09T09:55:45.2355122Z,Delete options: clean=False&comma; use manifest=False&comma; directory to ignore=node_modules,,0
	2026-03-09T09:55:45.2664158Z,Prev manifest = /opt/Kudu/Scripts/firstDeploymentManifest and next /home/site/deployments/f3ebe02f-3ed7-4b02-a734-2213068768b8/manifest,,0
	2026-03-09T09:55:45.2973446Z,Cleaning up /tmp//filelist.txt and /tmp//splits,,0
	2026-03-09T09:55:45.3680367Z,Creating a list of all files at /tmp//filelist.txt,,0
	2026-03-09T09:55:45.3979660Z,Excluding: node_modules,,0
	2026-03-09T09:55:45.4854452Z,Created /tmp//filelist.txt. Total number of files to be synced = 31.,,0
	2026-03-09T09:55:45.5664186Z,Created batches from the list of files. Processing 4 files in each thread,,0
	2026-03-09T09:55:45.7663669Z,Running rsync for filelist /tmp//splits/split.aa from /tmp/zipdeploy/extracted/ to /home/site/wwwroot/,,0
	2026-03-09T09:55:45.8060953Z,Running rsync for filelist /tmp//splits/split.ab from /tmp/zipdeploy/extracted/ to /home/site/wwwroot/,,0
	2026-03-09T09:55:45.8771740Z,Running rsync for filelist /tmp//splits/split.ac from /tmp/zipdeploy/extracted/ to /home/site/wwwroot/,,0
	2026-03-09T09:55:45.9178402Z,Running rsync for filelist /tmp//splits/split.ad from /tmp/zipdeploy/extracted/ to /home/site/wwwroot/,,0
	2026-03-09T09:55:45.9487616Z,Running rsync for filelist /tmp//splits/split.ag from /tmp/zipdeploy/extracted/ to /home/site/wwwroot/,,0
	2026-03-09T09:55:46.1288673Z,Running rsync for filelist /tmp//splits/split.af from /tmp/zipdeploy/extracted/ to /home/site/wwwroot/,,0
	2026-03-09T09:55:46.1897260Z,Running rsync for filelist /tmp//splits/split.ae from /tmp/zipdeploy/extracted/ to /home/site/wwwroot/,,0
	2026-03-09T09:55:46.4403318Z,Running rsync for filelist /tmp//splits/split.ah from /tmp/zipdeploy/extracted/ to /home/site/wwwroot/,,0
	2026-03-09T09:55:47.1977601Z,,,0
	2026-03-09T09:55:47.3158572Z,Number of files: 8 (reg: 4&comma; dir: 4),,0
	2026-03-09T09:55:47.3674738Z,Number of created files: 8 (reg: 4&comma; dir: 4),,0
	2026-03-09T09:55:47.5037484Z,Number of deleted files: 0,,0
	2026-03-09T09:55:47.5745776Z,Number of regular files transferred: 4,,0
	2026-03-09T09:55:47.6696275Z,Total file size: 28.42K bytes,,0
	2026-03-09T09:55:47.8301539Z,Total transferred file size: 28.42K bytes,,0
	2026-03-09T09:55:47.9285950Z,Literal data: 28.42K bytes,,0
	2026-03-09T09:55:48.0375990Z,Matched data: 0 bytes,,0
	2026-03-09T09:55:48.1272108Z,File list size: 0,,0
	2026-03-09T09:55:48.2818005Z,File list generation time: 0.019 seconds,,0
	2026-03-09T09:55:48.3830191Z,File list transfer time: 0.000 seconds,,0
	2026-03-09T09:55:48.4606179Z,Total bytes sent: 11.03K,,0
	2026-03-09T09:55:48.5279113Z,Total bytes received: 104,,0
	2026-03-09T09:55:48.5968026Z,,,0
	2026-03-09T09:55:48.6572911Z,sent 11.03K bytes  received 104 bytes  4.45K bytes/sec,,0
	2026-03-09T09:55:48.7168990Z,total size is 28.42K  speedup is 2.55,,0
	2026-03-09T09:55:48.8044630Z,Attempt 1: Rsync for filelist /tmp//splits/split.ac completed with exit code 0,,0
	2026-03-09T09:55:48.8948266Z,,,0
	2026-03-09T09:55:49.0315804Z,Number of files: 5 (reg: 4&comma; dir: 1),,0
	2026-03-09T09:55:49.1772992Z,Number of created files: 4 (reg: 4),,0
	2026-03-09T09:55:49.2942418Z,Number of deleted files: 0,,0
	2026-03-09T09:55:49.3345745Z,Number of regular files transferred: 4,,0
	2026-03-09T09:55:49.3947702Z,Total file size: 11.40K bytes,,0
	2026-03-09T09:55:49.4846969Z,Total transferred file size: 11.40K bytes,,0
	2026-03-09T09:55:49.5342639Z,Literal data: 11.40K bytes,,0
	2026-03-09T09:55:49.5730334Z,Matched data: 0 bytes,,0
	2026-03-09T09:55:49.6321751Z,File list size: 0,,0
	2026-03-09T09:55:49.6799166Z,File list generation time: 0.001 seconds,,0
	2026-03-09T09:55:49.7304501Z,File list transfer time: 0.000 seconds,,0
	2026-03-09T09:55:49.7579404Z,Total bytes sent: 3.69K,,0
	2026-03-09T09:55:49.7881022Z,Total bytes received: 95,,0
	2026-03-09T09:55:49.8289404Z,,,0
	2026-03-09T09:55:49.8763308Z,sent 3.69K bytes  received 95 bytes  1.51K bytes/sec,,0
	2026-03-09T09:55:49.9158648Z,total size is 11.40K  speedup is 3.02,,0
	2026-03-09T09:55:50.6373040Z,Attempt 1: Rsync for filelist /tmp//splits/split.af completed with exit code 0,,0
	2026-03-09T09:55:50.6943930Z,,,0
	2026-03-09T09:55:50.7437684Z,Number of files: 4 (reg: 3&comma; dir: 1),,0
	2026-03-09T09:55:50.7741626Z,Number of created files: 3 (reg: 3),,0
	2026-03-09T09:55:50.8113519Z,Number of deleted files: 0,,0
	2026-03-09T09:55:50.8418666Z,Number of regular files transferred: 3,,0
	2026-03-09T09:55:50.9219407Z,Total file size: 7.59K bytes,,0
	2026-03-09T09:55:50.9819251Z,Total transferred file size: 7.59K bytes,,0
	2026-03-09T09:55:51.0396216Z,Literal data: 7.59K bytes,,0
	2026-03-09T09:55:51.0789189Z,Matched data: 0 bytes,,0
	2026-03-09T09:55:51.1303956Z,File list size: 0,,0
	2026-03-09T09:55:51.1782268Z,File list generation time: 0.001 seconds,,0
	2026-03-09T09:55:51.2481526Z,File list transfer time: 0.000 seconds,,0
	2026-03-09T09:55:51.3169363Z,Total bytes sent: 2.97K,,0
	2026-03-09T09:55:51.3832444Z,Total bytes received: 76,,0
	2026-03-09T09:55:51.4027858Z,,,0
	2026-03-09T09:55:51.4420207Z,sent 2.97K bytes  received 76 bytes  2.03K bytes/sec,,0
	2026-03-09T09:55:51.4617054Z,total size is 7.59K  speedup is 2.49,,0
	2026-03-09T09:55:51.5424575Z,Attempt 1: Rsync for filelist /tmp//splits/split.ah completed with exit code 0,,0
	2026-03-09T09:55:51.5728439Z,,,0
	2026-03-09T09:55:51.6112286Z,Number of files: 5 (reg: 4&comma; dir: 1),,0
	2026-03-09T09:55:51.6695216Z,Number of created files: 5 (reg: 4&comma; dir: 1),,0
	2026-03-09T09:55:51.7288831Z,Number of deleted files: 0,,0
	2026-03-09T09:55:51.7785429Z,Number of regular files transferred: 4,,0
	2026-03-09T09:55:51.8171650Z,Total file size: 21.23K bytes,,0
	2026-03-09T09:55:51.8571443Z,Total transferred file size: 21.23K bytes,,0
	2026-03-09T09:55:51.8979145Z,Literal data: 21.23K bytes,,0
	2026-03-09T09:55:51.9292381Z,Matched data: 0 bytes,,0
	2026-03-09T09:55:52.5684948Z,File list size: 0,,0
	2026-03-09T09:55:52.5955854Z,File list generation time: 0.001 seconds,,0
	2026-03-09T09:55:52.6836796Z,File list transfer time: 0.000 seconds,,0
	2026-03-09T09:55:52.7146588Z,Total bytes sent: 5.90K,,0
	2026-03-09T09:55:52.7548673Z,Total bytes received: 95,,0
	2026-03-09T09:55:52.8233499Z,,,0
	2026-03-09T09:55:52.8599728Z,sent 5.90K bytes  received 95 bytes  2.40K bytes/sec,,0
	2026-03-09T09:55:52.8962210Z,total size is 21.23K  speedup is 3.54,,0
	2026-03-09T09:55:52.9308936Z,Attempt 1: Rsync for filelist /tmp//splits/split.ag completed with exit code 0,,0
	2026-03-09T09:55:52.9587436Z,,,0
	2026-03-09T09:55:53.0090016Z,Number of files: 7 (reg: 4&comma; dir: 3),,0
	2026-03-09T09:55:53.0359376Z,Number of created files: 5 (reg: 4&comma; dir: 1),,0
	2026-03-09T09:55:53.0632930Z,Number of deleted files: 0,,0
	2026-03-09T09:55:53.1007887Z,Number of regular files transferred: 4,,0
	2026-03-09T09:55:53.1206604Z,Total file size: 140.10K bytes,,0
	2026-03-09T09:55:53.1412788Z,Total transferred file size: 140.10K bytes,,0
	2026-03-09T09:55:53.1899135Z,Literal data: 140.10K bytes,,0
	2026-03-09T09:55:53.2294813Z,Matched data: 0 bytes,,0
	2026-03-09T09:55:53.2981003Z,File list size: 0,,0
	2026-03-09T09:55:53.3396305Z,File list generation time: 0.001 seconds,,0
	2026-03-09T09:55:53.3979375Z,File list transfer time: 0.000 seconds,,0
	2026-03-09T09:55:53.4400749Z,Total bytes sent: 136.76K,,0
	2026-03-09T09:55:53.4982904Z,Total bytes received: 98,,0
	2026-03-09T09:55:53.5953689Z,,,0
	2026-03-09T09:55:53.6547610Z,sent 136.76K bytes  received 98 bytes  91.24K bytes/sec,,0
	2026-03-09T09:55:53.7817069Z,total size is 140.10K  speedup is 1.02,,0
	2026-03-09T09:55:53.8601492Z,Attempt 1: Rsync for filelist /tmp//splits/split.ad completed with exit code 0,,0
	2026-03-09T09:55:53.8926874Z,,,0
	2026-03-09T09:55:53.9604995Z,Number of files: 5 (reg: 4&comma; dir: 1),,0
	2026-03-09T09:55:54.0289470Z,Number of created files: 5 (reg: 4&comma; dir: 1),,0
	2026-03-09T09:55:54.0692214Z,Number of deleted files: 0,,0
	2026-03-09T09:55:54.2319404Z,Number of regular files transferred: 4,,0
	2026-03-09T09:55:54.3000407Z,Total file size: 8.16K bytes,,0
	2026-03-09T09:55:54.4169390Z,Total transferred file size: 8.16K bytes,,0
	2026-03-09T09:55:54.4463491Z,Literal data: 8.16K bytes,,0
	2026-03-09T09:55:54.4860228Z,Matched data: 0 bytes,,0
	2026-03-09T09:55:54.5433278Z,File list size: 0,,0
	2026-03-09T09:55:54.6035073Z,File list generation time: 0.001 seconds,,0
	2026-03-09T09:55:55.4066895Z,File list transfer time: 0.000 seconds,,0
	2026-03-09T09:55:55.5312180Z,Total bytes sent: 2.69K,,0
	2026-03-09T09:55:55.5777845Z,Total bytes received: 95,,0
	2026-03-09T09:55:55.6389605Z,,,0
	2026-03-09T09:55:55.6769695Z,sent 2.69K bytes  received 95 bytes  1.12K bytes/sec,,0
	2026-03-09T09:55:55.7072924Z,total size is 8.16K  speedup is 2.92,,0
	2026-03-09T09:55:55.7557473Z,Attempt 1: Rsync for filelist /tmp//splits/split.aa completed with exit code 0,,0
	2026-03-09T09:55:55.7954723Z,,,0
	2026-03-09T09:55:55.8448404Z,Number of files: 8 (reg: 4&comma; dir: 4),,0
	2026-03-09T09:55:55.8663476Z,Number of created files: 7 (reg: 4&comma; dir: 3),,0
	2026-03-09T09:55:55.9038035Z,Number of deleted files: 0,,0
	2026-03-09T09:55:55.9276293Z,Number of regular files transferred: 4,,0
	2026-03-09T09:55:55.9532792Z,Total file size: 239.50K bytes,,0
	2026-03-09T09:55:55.9939655Z,Total transferred file size: 239.50K bytes,,0
	2026-03-09T09:55:56.0226397Z,Literal data: 239.50K bytes,,0
	2026-03-09T09:55:56.0513765Z,Matched data: 0 bytes,,0
	2026-03-09T09:55:56.0914732Z,File list size: 0,,0
	2026-03-09T09:55:56.1395960Z,File list generation time: 0.001 seconds,,0
	2026-03-09T09:55:56.1502015Z,File list transfer time: 0.000 seconds,,0
	2026-03-09T09:55:56.1927513Z,Total bytes sent: 54.46K,,0
	2026-03-09T09:55:56.2289799Z,Total bytes received: 104,,0
	2026-03-09T09:55:56.2495318Z,,,0
	2026-03-09T09:55:56.2724786Z,sent 54.46K bytes  received 104 bytes  36.37K bytes/sec,,0
	2026-03-09T09:55:56.3072797Z,total size is 239.50K  speedup is 4.39,,0
	2026-03-09T09:55:56.3690242Z,Attempt 1: Rsync for filelist /tmp//splits/split.ae completed with exit code 0,,0
	2026-03-09T09:55:56.8170112Z,,,0
	2026-03-09T09:55:56.8467133Z,Number of files: 7 (reg: 4&comma; dir: 3),,0
	2026-03-09T09:55:56.8653011Z,Number of created files: 7 (reg: 4&comma; dir: 3),,0
	2026-03-09T09:55:56.8895998Z,Number of deleted files: 0,,0
	2026-03-09T09:55:56.9129420Z,Number of regular files transferred: 4,,0
	2026-03-09T09:55:56.9367437Z,Total file size: 135.80M bytes,,0
	2026-03-09T09:55:56.9628916Z,Total transferred file size: 135.80M bytes,,0
	2026-03-09T09:55:57.0044590Z,Literal data: 135.80M bytes,,0
	2026-03-09T09:55:57.0262971Z,Matched data: 0 bytes,,0
	2026-03-09T09:55:57.0525778Z,File list size: 0,,0
	2026-03-09T09:55:57.0823181Z,File list generation time: 0.001 seconds,,0
	2026-03-09T09:55:57.0923969Z,File list transfer time: 0.000 seconds,,0
	2026-03-09T09:55:57.1256948Z,Total bytes sent: 135.67M,,0
	2026-03-09T09:55:57.1458676Z,Total bytes received: 101,,0
	2026-03-09T09:55:57.1648206Z,,,0
	2026-03-09T09:55:57.1948888Z,sent 135.67M bytes  received 101 bytes  11.80M bytes/sec,,0
	2026-03-09T09:55:57.2035608Z,total size is 135.80M  speedup is 1.00,,0
	2026-03-09T09:55:57.2222297Z,Attempt 1: Rsync for filelist /tmp//splits/split.ab completed with exit code 0,,0
	2026-03-09T09:55:57.2420878Z,Completed successfully in 11 seconds,,0
2026-03-09T09:55:57.4111515Z,Rsync completed to /home/site/wwwroot,fc4933c8-1993-45a7-b38b-31ed9c86e4fa,0
2026-03-09T09:55:57.7069586Z,Manifest created at /home/site/wwwroot,fab0dd98-304b-4306-95c5-fcc3ea5a849e,0
2026-03-09T09:55:57.8663133Z,Optimized build done with success: True,c1239d09-56fc-4f92-8d4b-c1d17c834fc9,0
2026-03-09T09:55:58.0133584Z,Build completed succesfully.,156fb413-46a4-479c-ac44-f31b8c091b2e,0
2026-03-09T09:55:58.1446831Z,Running post deployment command(s)...,8b879347-7354-457a-9620-f01efd6e48ca,0
2026-03-09T09:55:58.3673442Z,Triggering container recycle for OneDeploy by adding/updating restartTrigger.txt to the site root path,96d78b81-cdab-42c4-b1e8-6166233da739,0
2026-03-09T09:55:58.6084833Z,Deployment successful. deployer = OneDeploy deploymentPath = OneDeploy,e5951223-f64c-40f4-acf3-28fff526af7a,0
