2026-03-09T09:02:10.6148472Z,Updating submodules.,f91049b1-5759-4e39-9107-4a07dd983f0a,0
2026-03-09T09:02:11.8677476Z,Preparing deployment for commit id 'dec4fe6a-7'.,0dfd6432-0c73-4130-a59d-30cb74ec159f,0
2026-03-09T09:02:12.6003759Z,PreDeployment: context.CleanOutputPath False,578a4563-875b-4543-a784-134185959776,0
2026-03-09T09:02:12.9316177Z,PreDeployment: context.OutputPath /home/site/wwwroot,6ad29cdb-981d-4b65-9f97-62ca18c4d189,0
2026-03-09T09:02:13.3245775Z,Repository path is /tmp/zipdeploy/extracted,b46ba345-38c0-4dab-8e0b-f6613d3039a9,0
2026-03-09T09:02:13.5487322Z,Running oryx build...,31d3cee3-214d-4c0d-9b68-d3f4133ebeaa,0
	2026-03-09T09:02:13.5678812Z,Command: oryx build /tmp/zipdeploy/extracted -o /home/site/wwwroot --platform nodejs --platform-version 20 -p virtualenv_name= --log-file /tmp/build-debug.log  -i /tmp/8de7dba8d699d93 -p compress_node_modules=tar-gz | tee /tmp/oryx-build.log,,0
	2026-03-09T09:02:24.6544684Z,Operation performed by Microsoft Oryx&comma; https://github.com/Microsoft/Oryx,,0
	2026-03-09T09:02:24.8773442Z,You can report issues at https://github.com/Microsoft/Oryx/issues,,0
	2026-03-09T09:02:24.9467928Z,,,0
	2026-03-09T09:02:25.0759534Z,Oryx Version: 0.2.20260204.1+0fdbe200b286be083841ff7fa201c6c2316dc6b9&comma; Commit: 0fdbe200b286be083841ff7fa201c6c2316dc6b9&comma; ReleaseTagName: 20260204.1,,0
	2026-03-09T09:02:25.1916671Z,,,0
	2026-03-09T09:02:25.3476332Z,Build Operation ID: 0c58ded63e5854a9,,0
	2026-03-09T09:02:25.3857796Z,Repository Commit : dec4fe6a-7628-4eb5-a80e-e3b18123f936,,0
	2026-03-09T09:02:25.4358733Z,OS Type           : bookworm,,0
	2026-03-09T09:02:25.5143265Z,Image Type        : githubactions,,0
	2026-03-09T09:02:25.5812759Z,,,0
	2026-03-09T09:02:25.6530938Z,Primary SDK Storage URL: https://oryx-cdn.microsoft.io,,0
	2026-03-09T09:02:25.7012349Z,Backup SDK Storage URL: ,,0
	2026-03-09T09:02:25.9093118Z,Detecting platforms...,,0
	2026-03-09T09:02:26.0367853Z,External SDK provider is enabled.,,0
	2026-03-09T09:02:28.2076994Z,Requesting metadata for platform nodejs from external SDK provider,,0
	2026-03-09T09:02:32.1092890Z,Requesting metadata for platform nodejs from external SDK provider,,0
	2026-03-09T09:02:35.6734322Z,Detected following platforms:,,0
	2026-03-09T09:02:35.7936404Z,  nodejs: 20.20.0,,0
	2026-03-09T09:02:35.8330116Z,Requesting metadata for platform nodejs from external SDK provider,,0
	2026-03-09T09:02:40.2346820Z,Version '20.20.0' of platform 'nodejs' is not installed. Generating script to install it...,,0
	2026-03-09T09:02:40.9180383Z,Detected the following frameworks: Typescript&comma;Next.js,,0
	2026-03-09T09:02:42.0299068Z,,,0
	2026-03-09T09:02:42.1896611Z,Using intermediate directory '/tmp/8de7dba8d699d93'.,,0
	2026-03-09T09:02:42.2693193Z,,,0
	2026-03-09T09:02:42.2974022Z,Copying files to the intermediate directory...,,0
	2026-03-09T09:02:42.4617392Z,Copying files to intermediate directory done in 0 sec(s).,,0
	2026-03-09T09:02:42.4908358Z,,,0
	2026-03-09T09:02:42.5213693Z,Source directory     : /tmp/8de7dba8d699d93,,0
	2026-03-09T09:02:42.5398369Z,Destination directory: /home/site/wwwroot,,0
	2026-03-09T09:02:42.5800544Z,,,0
	2026-03-09T09:02:42.6020615Z,Installing platform...,,0
	2026-03-09T09:02:42.6718106Z,,,0
	2026-03-09T09:02:42.7389572Z,Downloading and extracting 'nodejs' version '20.20.0' to '/tmp/oryx/platforms/nodejs/20.20.0'...,,0
	2026-03-09T09:02:42.7872932Z,Detected image debian flavor: bookworm.,,0
	2026-03-09T09:02:42.8551277Z,Skipping download of nodejs version 20.20.0 as it is available in external sdk provider cache...,,0
	2026-03-09T09:02:42.9055527Z,Extracting contents...,,0
	2026-03-09T09:02:59.3574600Z,Successfully extracted nodejs version 20.20.0 from external sdk provider cache...,,0
	2026-03-09T09:02:59.4159631Z,,,0
	2026-03-09T09:02:59.4345065Z,Platform installation done in 17 sec(s).,,0
	2026-03-09T09:02:59.9191199Z,Running build script snippets...,,0
	2026-03-09T09:02:59.9586824Z,Removing existing manifest file,,0
	2026-03-09T09:03:00.0086256Z,Creating directory for command manifest file if it does not exist,,0
	2026-03-09T09:03:00.0941279Z,Creating a manifest file...,,0
	2026-03-09T09:03:00.1433593Z,Node Build Command Manifest file created.,,0
	2026-03-09T09:03:00.1821785Z,,,0
	2026-03-09T09:03:00.2115832Z,Using Node version:,,0
	2026-03-09T09:03:00.4127940Z,v20.20.0,,0
	2026-03-09T09:03:00.4714654Z,,,0
	2026-03-09T09:03:00.5190423Z,Using Npm version:,,0
	2026-03-09T09:03:02.9492019Z,10.8.2,,0
	2026-03-09T09:03:03.7410153Z,,,0
	2026-03-09T09:03:03.7535245Z,Running 'npm install'...,,0
	2026-03-09T09:03:03.7910131Z,,,0
	2026-03-09T09:03:36.3989642Z,npm warn deprecated rimraf@3.0.2: Rimraf versions prior to v4 are no longer supported,,1
	2026-03-09T09:03:38.2784428Z,npm warn deprecated inflight@1.0.6: This module is not supported&comma; and leaks memory. Do not use it. Check out lru-cache if you want a good and tested way to coalesce async requests by a key value&comma; which is much more comprehensive and powerful.,,1
	2026-03-09T09:03:44.9626213Z,npm warn deprecated @humanwhocodes/object-schema@2.0.3: Use @eslint/object-schema instead,,1
	2026-03-09T09:03:46.5727612Z,npm warn deprecated @humanwhocodes/config-array@0.13.0: Use @eslint/config-array instead,,1
	2026-03-09T09:03:47.6438806Z,npm warn deprecated glob@7.2.3: Old versions of glob are not supported&comma; and contain widely publicized security vulnerabilities&comma; which have been fixed in the current version. Please update. Support for old versions may be purchased (at exorbitant rates) by contacting i@izs.me,,1
	2026-03-09T09:04:06.4032679Z,npm warn deprecated glob@10.3.10: Old versions of glob are not supported&comma; and contain widely publicized security vulnerabilities&comma; which have been fixed in the current version. Please update. Support for old versions may be purchased (at exorbitant rates) by contacting i@izs.me,,1
	2026-03-09T09:04:39.7277948Z,npm warn deprecated eslint@8.57.1: This version is no longer supported. Please see https://eslint.org/version-support for other options.,,1
